2025-01-29 23:40:20,154 - INFO - Starting net generation
2025-01-29 23:40:20,154 - INFO - Starting geometry calculation
2025-01-29 23:40:20,154 - INFO - Output path: /home/codespace/Documents/lampshade_net_export.pdf
2025-01-29 23:40:20,186 - DEBUG - Perimeter calculated: 53.69760360191275
2025-01-29 23:40:20,190 - INFO - Creating plot
2025-01-29 23:40:20,192 - DEBUG - Loaded backend agg version v2.2.
2025-01-29 23:40:20,196 - DEBUG - findfont: Matching sans\-serif:style=normal:variant=normal:weight=normal:stretch=normal:size=10.0.
2025-01-29 23:40:20,197 - DEBUG - findfont: score(FontEntry(fname='/opt/conda/envs/ocp/lib/python3.8/site-packages/matplotlib/mpl-data/fonts/ttf/DejaVuSans-Oblique.ttf', name='DejaVu Sans', style='oblique', variant='normal', weight=400, stretch='normal', size='scalable')) = 1.05
2025-01-29 23:40:20,197 - DEBUG - findfont: score(FontEntry(fname='/opt/conda/envs/ocp/lib/python3.8/site-packages/matplotlib/mpl-data/fonts/ttf/STIXNonUniIta.ttf', name='STIXNonUnicode', style='italic', variant='normal', weight=400, stretch='normal', size='scalable')) = 11.05
2025-01-29 23:40:20,197 - DEBUG - findfont: score(FontEntry(fname='/opt/conda/envs/ocp/lib/python3.8/site-packages/matplotlib/mpl-data/fonts/ttf/DejaVuSerif-Italic.ttf', name='DejaVu Serif', style='italic', variant='normal', weight=400, stretch='normal', size='scalable')) = 11.05
2025-01-29 23:40:20,197 - DEBUG - findfont: score(FontEntry(fname='/opt/conda/envs/ocp/lib/python3.8/site-packages/matplotlib/mpl-data/fonts/ttf/STIXSizOneSymReg.ttf', name='STIXSizeOneSym', style='normal', variant='normal', weight=400, stretch='normal', size='scalable')) = 10.05
2025-01-29 23:40:20,197 - DEBUG - findfont: score(FontEntry(fname='/opt/conda/envs/ocp/lib/python3.8/site-packages/matplotlib/mpl-data/fonts/ttf/STIXGeneralBol.ttf', name='STIXGeneral', style='normal', variant='normal', weight=700, stretch='normal', size='scalable')) = 10.335
2025-01-29 23:40:20,198 - DEBUG - findfont: score(FontEntry(fname='/opt/conda/envs/ocp/lib/python3.8/site-packages/matplotlib/mpl-data/fonts/ttf/STIXNonUniBolIta.ttf', name='STIXNonUnicode', style='italic', variant='normal', weight=700, stretch='normal', size='scalable')) = 11.335
2025-01-29 23:40:20,198 - DEBUG - findfont: score(FontEntry(fname='/opt/conda/envs/ocp/lib/python3.8/site-packages/matplotlib/mpl-data/fonts/ttf/STIXSizFourSymBol.ttf', name='STIXSizeFourSym', style='normal', variant='normal', weight=700, stretch='normal', size='scalable')) = 10.335
2025-01-29 23:40:20,198 - DEBUG - findfont: score(FontEntry(fname='/opt/conda/envs/ocp/lib/python3.8/site-packages/matplotlib/mpl-data/fonts/ttf/DejaVuSerif.ttf', name='DejaVu Serif', style='normal', variant='normal', weight=400, stretch='normal', size='scalable')) = 10.05
2025-01-29 23:40:20,198 - DEBUG - findfont: score(FontEntry(fname='/opt/conda/envs/ocp/lib/python3.8/site-packages/matplotlib/mpl-data/fonts/ttf/cmb10.ttf', name='cmb10', style='normal', variant='normal', weight=400, stretch='normal', size='scalable')) = 10.05
2025-01-29 23:40:20,198 - DEBUG - findfont: score(FontEntry(fname='/opt/conda/envs/ocp/lib/python3.8/site-packages/matplotlib/mpl-data/fonts/ttf/cmtt10.ttf', name='cmtt10', style='normal', variant='normal', weight=400, stretch='normal', size='scalable')) = 10.05
2025-01-29 23:40:20,198 - DEBUG - findfont: score(FontEntry(fname='/opt/conda/envs/ocp/lib/python3.8/site-packages/matplotlib/mpl-data/fonts/ttf/DejaVuSansMono-Bold.ttf', name='DejaVu Sans Mono', style='normal', variant='normal', weight=700, stretch='normal', size='scalable')) = 10.335
2025-01-29 23:40:20,198 - DEBUG - findfont: score(FontEntry(fname='/opt/conda/envs/ocp/lib/python3.8/site-packages/matplotlib/mpl-data/fonts/ttf/STIXSizThreeSymReg.ttf', name='STIXSizeThreeSym', style='normal', variant='normal', weight=400, stretch='normal', size='scalable')) = 10.05
2025-01-29 23:40:20,199 - DEBUG - findfont: score(FontEntry(fname='/opt/conda/envs/ocp/lib/python3.8/site-packages/matplotlib/mpl-data/fonts/ttf/STIXGeneralBolIta.ttf', name='STIXGeneral', style='italic', variant='normal', weight=700, stretch='normal', size='scalable')) = 11.335
2025-01-29 23:40:20,199 - DEBUG - findfont: score(FontEntry(fname='/opt/conda/envs/ocp/lib/python3.8/site-packages/matplotlib/mpl-data/fonts/ttf/DejaVuSerif-Bold.ttf', name='DejaVu Serif', style='normal', variant='normal', weight=700, stretch='normal', size='scalable')) = 10.335
2025-01-29 23:40:20,199 - DEBUG - findfont: score(FontEntry(fname='/opt/conda/envs/ocp/lib/python3.8/site-packages/matplotlib/mpl-data/fonts/ttf/cmsy10.ttf', name='cmsy10', style='normal', variant='normal', weight=400, stretch='normal', size='scalable')) = 10.05
2025-01-29 23:40:20,199 - DEBUG - findfont: score(FontEntry(fname='/opt/conda/envs/ocp/lib/python3.8/site-packages/matplotlib/mpl-data/fonts/ttf/STIXNonUniBol.ttf', name='STIXNonUnicode', style='normal', variant='normal', weight=700, stretch='normal', size='scalable')) = 10.335
2025-01-29 23:40:20,199 - DEBUG - findfont: score(FontEntry(fname='/opt/conda/envs/ocp/lib/python3.8/site-packages/matplotlib/mpl-data/fonts/ttf/STIXNonUni.ttf', name='STIXNonUnicode', style='normal', variant='normal', weight=400, stretch='normal', size='scalable')) = 10.05
2025-01-29 23:40:20,199 - DEBUG - findfont: score(FontEntry(fname='/opt/conda/envs/ocp/lib/python3.8/site-packages/matplotlib/mpl-data/fonts/ttf/DejaVuSans-Bold.ttf', name='DejaVu Sans', style='normal', variant='normal', weight=700, stretch='normal', size='scalable')) = 0.33499999999999996
2025-01-29 23:40:20,199 - DEBUG - findfont: score(FontEntry(fname='/opt/conda/envs/ocp/lib/python3.8/site-packages/matplotlib/mpl-data/fonts/ttf/STIXSizFiveSymReg.ttf', name='STIXSizeFiveSym', style='normal', variant='normal', weight=400, stretch='normal', size='scalable')) = 10.05
2025-01-29 23:40:20,199 - DEBUG - findfont: score(FontEntry(fname='/opt/conda/envs/ocp/lib/python3.8/site-packages/matplotlib/mpl-data/fonts/ttf/DejaVuSansMono-Oblique.ttf', name='DejaVu Sans Mono', style='oblique', variant='normal', weight=400, stretch='normal', size='scalable')) = 11.05
2025-01-29 23:40:20,200 - DEBUG - findfont: score(FontEntry(fname='/opt/conda/envs/ocp/lib/python3.8/site-packages/matplotlib/mpl-data/fonts/ttf/DejaVuSans.ttf', name='DejaVu Sans', style='normal', variant='normal', weight=400, stretch='normal', size='scalable')) = 0.05
2025-01-29 23:40:20,200 - DEBUG - findfont: score(FontEntry(fname='/opt/conda/envs/ocp/lib/python3.8/site-packages/matplotlib/mpl-data/fonts/ttf/DejaVuSerif-BoldItalic.ttf', name='DejaVu Serif', style='italic', variant='normal', weight=700, stretch='normal', size='scalable')) = 11.335
2025-01-29 23:40:20,200 - DEBUG - findfont: score(FontEntry(fname='/opt/conda/envs/ocp/lib/python3.8/site-packages/matplotlib/mpl-data/fonts/ttf/cmr10.ttf', name='cmr10', style='normal', variant='normal', weight=400, stretch='normal', size='scalable')) = 10.05
2025-01-29 23:40:20,200 - DEBUG - findfont: score(FontEntry(fname='/opt/conda/envs/ocp/lib/python3.8/site-packages/matplotlib/mpl-data/fonts/ttf/STIXSizOneSymBol.ttf', name='STIXSizeOneSym', style='normal', variant='normal', weight=700, stretch='normal', size='scalable')) = 10.335
2025-01-29 23:40:20,200 - DEBUG - findfont: score(FontEntry(fname='/opt/conda/envs/ocp/lib/python3.8/site-packages/matplotlib/mpl-data/fonts/ttf/cmss10.ttf', name='cmss10', style='normal', variant='normal', weight=400, stretch='normal', size='scalable')) = 10.05
2025-01-29 23:40:20,200 - DEBUG - findfont: score(FontEntry(fname='/opt/conda/envs/ocp/lib/python3.8/site-packages/matplotlib/mpl-data/fonts/ttf/DejaVuSansMono-BoldOblique.ttf', name='DejaVu Sans Mono', style='oblique', variant='normal', weight=700, stretch='normal', size='scalable')) = 11.335
2025-01-29 23:40:20,200 - DEBUG - findfont: score(FontEntry(fname='/opt/conda/envs/ocp/lib/python3.8/site-packages/matplotlib/mpl-data/fonts/ttf/STIXGeneral.ttf', name='STIXGeneral', style='normal', variant='normal', weight=400, stretch='normal', size='scalable')) = 10.05
2025-01-29 23:40:20,200 - DEBUG - findfont: score(FontEntry(fname='/opt/conda/envs/ocp/lib/python3.8/site-packages/matplotlib/mpl-data/fonts/ttf/STIXGeneralItalic.ttf', name='STIXGeneral', style='italic', variant='normal', weight=400, stretch='normal', size='scalable')) = 11.05
2025-01-29 23:40:20,201 - DEBUG - findfont: score(FontEntry(fname='/opt/conda/envs/ocp/lib/python3.8/site-packages/matplotlib/mpl-data/fonts/ttf/STIXSizTwoSymReg.ttf', name='STIXSizeTwoSym', style='normal', variant='normal', weight=400, stretch='normal', size='scalable')) = 10.05
2025-01-29 23:40:20,201 - DEBUG - findfont: score(FontEntry(fname='/opt/conda/envs/ocp/lib/python3.8/site-packages/matplotlib/mpl-data/fonts/ttf/DejaVuSans-BoldOblique.ttf', name='DejaVu Sans', style='oblique', variant='normal', weight=700, stretch='normal', size='scalable')) = 1.335
2025-01-29 23:40:20,201 - DEBUG - findfont: score(FontEntry(fname='/opt/conda/envs/ocp/lib/python3.8/site-packages/matplotlib/mpl-data/fonts/ttf/cmmi10.ttf', name='cmmi10', style='normal', variant='normal', weight=400, stretch='normal', size='scalable')) = 10.05
2025-01-29 23:40:20,201 - DEBUG - findfont: score(FontEntry(fname='/opt/conda/envs/ocp/lib/python3.8/site-packages/matplotlib/mpl-data/fonts/ttf/DejaVuSansMono.ttf', name='DejaVu Sans Mono', style='normal', variant='normal', weight=400, stretch='normal', size='scalable')) = 10.05
2025-01-29 23:40:20,201 - DEBUG - findfont: score(FontEntry(fname='/opt/conda/envs/ocp/lib/python3.8/site-packages/matplotlib/mpl-data/fonts/ttf/DejaVuSansDisplay.ttf', name='DejaVu Sans Display', style='normal', variant='normal', weight=400, stretch='normal', size='scalable')) = 10.05
2025-01-29 23:40:20,201 - DEBUG - findfont: score(FontEntry(fname='/opt/conda/envs/ocp/lib/python3.8/site-packages/matplotlib/mpl-data/fonts/ttf/cmex10.ttf', name='cmex10', style='normal', variant='normal', weight=400, stretch='normal', size='scalable')) = 10.05
2025-01-29 23:40:20,201 - DEBUG - findfont: score(FontEntry(fname='/opt/conda/envs/ocp/lib/python3.8/site-packages/matplotlib/mpl-data/fonts/ttf/DejaVuSerifDisplay.ttf', name='DejaVu Serif Display', style='normal', variant='normal', weight=400, stretch='normal', size='scalable')) = 10.05
2025-01-29 23:40:20,202 - DEBUG - findfont: score(FontEntry(fname='/opt/conda/envs/ocp/lib/python3.8/site-packages/matplotlib/mpl-data/fonts/ttf/STIXSizThreeSymBol.ttf', name='STIXSizeThreeSym', style='normal', variant='normal', weight=700, stretch='normal', size='scalable')) = 10.335
2025-01-29 23:40:20,202 - DEBUG - findfont: score(FontEntry(fname='/opt/conda/envs/ocp/lib/python3.8/site-packages/matplotlib/mpl-data/fonts/ttf/STIXSizTwoSymBol.ttf', name='STIXSizeTwoSym', style='normal', variant='normal', weight=700, stretch='normal', size='scalable')) = 10.335
2025-01-29 23:40:20,202 - DEBUG - findfont: score(FontEntry(fname='/opt/conda/envs/ocp/lib/python3.8/site-packages/matplotlib/mpl-data/fonts/ttf/STIXSizFourSymReg.ttf', name='STIXSizeFourSym', style='normal', variant='normal', weight=400, stretch='normal', size='scalable')) = 10.05
2025-01-29 23:40:20,202 - DEBUG - findfont: score(FontEntry(fname='/opt/conda/fonts/UbuntuMono-BI.ttf', name='Ubuntu Mono', style='italic', variant='normal', weight=700, stretch='normal', size='scalable')) = 11.335
2025-01-29 23:40:20,202 - DEBUG - findfont: score(FontEntry(fname='/usr/share/fonts/truetype/dejavu/DejaVuSerif.ttf', name='DejaVu Serif', style='normal', variant='normal', weight=400, stretch='normal', size='scalable')) = 10.05
2025-01-29 23:40:20,202 - DEBUG - findfont: score(FontEntry(fname='/opt/conda/fonts/Inconsolata-Bold.ttf', name='Inconsolata', style='normal', variant='normal', weight=700, stretch='normal', size='scalable')) = 10.335
2025-01-29 23:40:20,202 - DEBUG - findfont: score(FontEntry(fname='/opt/conda/fonts/Ubuntu-M.ttf', name='Ubuntu', style='normal', variant='normal', weight=500, stretch='normal', size='scalable')) = 10.145
2025-01-29 23:40:20,202 - DEBUG - findfont: score(FontEntry(fname='/opt/conda/fonts/SourceCodePro-ExtraLight.ttf', name='Source Code Pro', style='normal', variant='normal', weight=200, stretch='normal', size='scalable')) = 10.24
2025-01-29 23:40:20,203 - DEBUG - findfont: score(FontEntry(fname='/opt/conda/fonts/Inconsolata-Regular.ttf', name='Inconsolata', style='normal', variant='normal', weight=400, stretch='normal', size='scalable')) = 10.05
2025-01-29 23:40:20,203 - DEBUG - findfont: score(FontEntry(fname='/opt/conda/fonts/SourceCodePro-Medium.ttf', name='Source Code Pro', style='normal', variant='normal', weight=500, stretch='normal', size='scalable')) = 10.145
2025-01-29 23:40:20,203 - DEBUG - findfont: score(FontEntry(fname='/opt/conda/fonts/Ubuntu-Th.ttf', name='Ubuntu', style='normal', variant='normal', weight=250, stretch='normal', size='scalable')) = 10.1925
2025-01-29 23:40:20,203 - DEBUG - findfont: score(FontEntry(fname='/opt/conda/fonts/SourceCodePro-It.ttf', name='Source Code Pro', style='italic', variant='normal', weight=400, stretch='normal', size='scalable')) = 11.05
2025-01-29 23:40:20,203 - DEBUG - findfont: score(FontEntry(fname='/usr/share/fonts/truetype/dejavu/DejaVuSansMono.ttf', name='DejaVu Sans Mono', style='normal', variant='normal', weight=400, stretch='normal', size='scalable')) = 10.05
2025-01-29 23:40:20,203 - DEBUG - findfont: score(FontEntry(fname='/opt/conda/fonts/UbuntuMono-RI.ttf', name='Ubuntu Mono', style='italic', variant='normal', weight=400, stretch='normal', size='scalable')) = 11.05
2025-01-29 23:40:20,203 - DEBUG - findfont: score(FontEntry(fname='/opt/conda/fonts/SourceCodePro-LightIt.ttf', name='Source Code Pro', style='italic', variant='normal', weight=300, stretch='normal', size='scalable')) = 11.145
2025-01-29 23:40:20,203 - DEBUG - findfont: score(FontEntry(fname='/usr/share/fonts/truetype/dejavu/DejaVuSerif-Bold.ttf', name='DejaVu Serif', style='normal', variant='normal', weight=700, stretch='normal', size='scalable')) = 10.335
2025-01-29 23:40:20,203 - DEBUG - findfont: score(FontEntry(fname='/opt/conda/fonts/SourceCodePro-MediumIt.ttf', name='Source Code Pro', style='italic', variant='normal', weight=500, stretch='normal', size='scalable')) = 11.145
2025-01-29 23:40:20,203 - DEBUG - findfont: score(FontEntry(fname='/usr/share/fonts/truetype/dejavu/DejaVuSansMono-Bold.ttf', name='DejaVu Sans Mono', style='normal', variant='normal', weight=700, stretch='normal', size='scalable')) = 10.335
2025-01-29 23:40:20,203 - DEBUG - findfont: score(FontEntry(fname='/opt/conda/fonts/SourceCodePro-Light.ttf', name='Source Code Pro', style='normal', variant='normal', weight=300, stretch='normal', size='scalable')) = 10.145
2025-01-29 23:40:20,203 - DEBUG - findfont: score(FontEntry(fname='/opt/conda/fonts/Ubuntu-L.ttf', name='Ubuntu', style='normal', variant='normal', weight=300, stretch='normal', size='scalable')) = 10.145
2025-01-29 23:40:20,204 - DEBUG - findfont: score(FontEntry(fname='/opt/conda/fonts/Ubuntu-C.ttf', name='Ubuntu Condensed', style='normal', variant='normal', weight=400, stretch='condensed', size='scalable')) = 10.25
2025-01-29 23:40:20,204 - DEBUG - findfont: score(FontEntry(fname='/opt/conda/fonts/Ubuntu-RI.ttf', name='Ubuntu', style='italic', variant='normal', weight=400, stretch='normal', size='scalable')) = 11.05
2025-01-29 23:40:20,204 - DEBUG - findfont: score(FontEntry(fname='/opt/conda/fonts/SourceCodePro-SemiboldIt.ttf', name='Source Code Pro', style='italic', variant='normal', weight=600, stretch='normal', size='scalable')) = 11.24
2025-01-29 23:40:20,204 - DEBUG - findfont: score(FontEntry(fname='/usr/share/fonts/truetype/dejavu/DejaVuSans.ttf', name='DejaVu Sans', style='normal', variant='normal', weight=400, stretch='normal', size='scalable')) = 0.05
2025-01-29 23:40:20,204 - DEBUG - findfont: score(FontEntry(fname='/opt/conda/fonts/UbuntuMono-B.ttf', name='Ubuntu Mono', style='normal', variant='normal', weight=700, stretch='normal', size='scalable')) = 10.335
2025-01-29 23:40:20,204 - DEBUG - findfont: score(FontEntry(fname='/opt/conda/fonts/SourceCodePro-Regular.ttf', name='Source Code Pro', style='normal', variant='normal', weight=400, stretch='normal', size='scalable')) = 10.05
2025-01-29 23:40:20,204 - DEBUG - findfont: score(FontEntry(fname='/opt/conda/fonts/SourceCodePro-Black.ttf', name='Source Code Pro', style='normal', variant='normal', weight=900, stretch='normal', size='scalable')) = 10.525
2025-01-29 23:40:20,204 - DEBUG - findfont: score(FontEntry(fname='/opt/conda/fonts/SourceCodePro-Semibold.ttf', name='Source Code Pro', style='normal', variant='normal', weight=600, stretch='normal', size='scalable')) = 10.24
2025-01-29 23:40:20,204 - DEBUG - findfont: score(FontEntry(fname='/opt/conda/fonts/SourceCodePro-ExtraLightIt.ttf', name='Source Code Pro', style='italic', variant='normal', weight=200, stretch='normal', size='scalable')) = 11.24
2025-01-29 23:40:20,204 - DEBUG - findfont: score(FontEntry(fname='/opt/conda/fonts/Ubuntu-MI.ttf', name='Ubuntu', style='italic', variant='normal', weight=500, stretch='normal', size='scalable')) = 11.145
2025-01-29 23:40:20,204 - DEBUG - findfont: score(FontEntry(fname='/opt/conda/fonts/DejaVuSans.ttf', name='DejaVu Sans', style='normal', variant='normal', weight=400, stretch='normal', size='scalable')) = 0.05
2025-01-29 23:40:20,204 - DEBUG - findfont: score(FontEntry(fname='/opt/conda/fonts/Ubuntu-R.ttf', name='Ubuntu', style='normal', variant='normal', weight=400, stretch='normal', size='scalable')) = 10.05
2025-01-29 23:40:20,204 - DEBUG - findfont: score(FontEntry(fname='/opt/conda/fonts/SourceCodePro-BoldIt.ttf', name='Source Code Pro', style='italic', variant='normal', weight=700, stretch='normal', size='scalable')) = 11.335
2025-01-29 23:40:20,205 - DEBUG - findfont: score(FontEntry(fname='/opt/conda/fonts/Ubuntu-LI.ttf', name='Ubuntu', style='italic', variant='normal', weight=300, stretch='normal', size='scalable')) = 11.145
2025-01-29 23:40:20,205 - DEBUG - findfont: score(FontEntry(fname='/opt/conda/fonts/UbuntuMono-R.ttf', name='Ubuntu Mono', style='normal', variant='normal', weight=400, stretch='normal', size='scalable')) = 10.05
2025-01-29 23:40:20,205 - DEBUG - findfont: score(FontEntry(fname='/opt/conda/fonts/Ubuntu-BI.ttf', name='Ubuntu', style='italic', variant='normal', weight=700, stretch='normal', size='scalable')) = 11.335
2025-01-29 23:40:20,205 - DEBUG - findfont: score(FontEntry(fname='/usr/share/fonts/truetype/dejavu/DejaVuSans-Bold.ttf', name='DejaVu Sans', style='normal', variant='normal', weight=700, stretch='normal', size='scalable')) = 0.33499999999999996
2025-01-29 23:40:20,205 - DEBUG - findfont: score(FontEntry(fname='/opt/conda/fonts/Ubuntu-B.ttf', name='Ubuntu', style='normal', variant='normal', weight=700, stretch='normal', size='scalable')) = 10.335
2025-01-29 23:40:20,205 - DEBUG - findfont: score(FontEntry(fname='/opt/conda/fonts/SourceCodePro-Bold.ttf', name='Source Code Pro', style='normal', variant='normal', weight=700, stretch='normal', size='scalable')) = 10.335
2025-01-29 23:40:20,205 - DEBUG - findfont: score(FontEntry(fname='/opt/conda/fonts/SourceCodePro-BlackIt.ttf', name='Source Code Pro', style='italic', variant='normal', weight=900, stretch='normal', size='scalable')) = 11.525
2025-01-29 23:40:20,205 - DEBUG - findfont: Matching sans\-serif:style=normal:variant=normal:weight=normal:stretch=normal:size=10.0 to DejaVu Sans ('/opt/conda/envs/ocp/lib/python3.8/site-packages/matplotlib/mpl-data/fonts/ttf/DejaVuSans.ttf') with score of 0.050000.
2025-01-29 23:40:20,248 - DEBUG - findfont: Matching sans\-serif:style=normal:variant=normal:weight=normal:stretch=normal:size=12.0.
2025-01-29 23:40:20,249 - DEBUG - findfont: score(FontEntry(fname='/opt/conda/envs/ocp/lib/python3.8/site-packages/matplotlib/mpl-data/fonts/ttf/DejaVuSans-Oblique.ttf', name='DejaVu Sans', style='oblique', variant='normal', weight=400, stretch='normal', size='scalable')) = 1.05
2025-01-29 23:40:20,249 - DEBUG - findfont: score(FontEntry(fname='/opt/conda/envs/ocp/lib/python3.8/site-packages/matplotlib/mpl-data/fonts/ttf/STIXNonUniIta.ttf', name='STIXNonUnicode', style='italic', variant='normal', weight=400, stretch='normal', size='scalable')) = 11.05
2025-01-29 23:40:20,249 - DEBUG - findfont: score(FontEntry(fname='/opt/conda/envs/ocp/lib/python3.8/site-packages/matplotlib/mpl-data/fonts/ttf/DejaVuSerif-Italic.ttf', name='DejaVu Serif', style='italic', variant='normal', weight=400, stretch='normal', size='scalable')) = 11.05
2025-01-29 23:40:20,249 - DEBUG - findfont: score(FontEntry(fname='/opt/conda/envs/ocp/lib/python3.8/site-packages/matplotlib/mpl-data/fonts/ttf/STIXSizOneSymReg.ttf', name='STIXSizeOneSym', style='normal', variant='normal', weight=400, stretch='normal', size='scalable')) = 10.05
2025-01-29 23:40:20,250 - DEBUG - findfont: score(FontEntry(fname='/opt/conda/envs/ocp/lib/python3.8/site-packages/matplotlib/mpl-data/fonts/ttf/STIXGeneralBol.ttf', name='STIXGeneral', style='normal', variant='normal', weight=700, stretch='normal', size='scalable')) = 10.335
2025-01-29 23:40:20,250 - DEBUG - findfont: score(FontEntry(fname='/opt/conda/envs/ocp/lib/python3.8/site-packages/matplotlib/mpl-data/fonts/ttf/STIXNonUniBolIta.ttf', name='STIXNonUnicode', style='italic', variant='normal', weight=700, stretch='normal', size='scalable')) = 11.335
2025-01-29 23:40:20,250 - DEBUG - findfont: score(FontEntry(fname='/opt/conda/envs/ocp/lib/python3.8/site-packages/matplotlib/mpl-data/fonts/ttf/STIXSizFourSymBol.ttf', name='STIXSizeFourSym', style='normal', variant='normal', weight=700, stretch='normal', size='scalable')) = 10.335
2025-01-29 23:40:20,250 - DEBUG - findfont: score(FontEntry(fname='/opt/conda/envs/ocp/lib/python3.8/site-packages/matplotlib/mpl-data/fonts/ttf/DejaVuSerif.ttf', name='DejaVu Serif', style='normal', variant='normal', weight=400, stretch='normal', size='scalable')) = 10.05
2025-01-29 23:40:20,251 - DEBUG - findfont: score(FontEntry(fname='/opt/conda/envs/ocp/lib/python3.8/site-packages/matplotlib/mpl-data/fonts/ttf/cmb10.ttf', name='cmb10', style='normal', variant='normal', weight=400, stretch='normal', size='scalable')) = 10.05
2025-01-29 23:40:20,251 - DEBUG - findfont: score(FontEntry(fname='/opt/conda/envs/ocp/lib/python3.8/site-packages/matplotlib/mpl-data/fonts/ttf/cmtt10.ttf', name='cmtt10', style='normal', variant='normal', weight=400, stretch='normal', size='scalable')) = 10.05
2025-01-29 23:40:20,251 - DEBUG - findfont: score(FontEntry(fname='/opt/conda/envs/ocp/lib/python3.8/site-packages/matplotlib/mpl-data/fonts/ttf/DejaVuSansMono-Bold.ttf', name='DejaVu Sans Mono', style='normal', variant='normal', weight=700, stretch='normal', size='scalable')) = 10.335
2025-01-29 23:40:20,251 - DEBUG - findfont: score(FontEntry(fname='/opt/conda/envs/ocp/lib/python3.8/site-packages/matplotlib/mpl-data/fonts/ttf/STIXSizThreeSymReg.ttf', name='STIXSizeThreeSym', style='normal', variant='normal', weight=400, stretch='normal', size='scalable')) = 10.05
2025-01-29 23:40:20,252 - DEBUG - findfont: score(FontEntry(fname='/opt/conda/envs/ocp/lib/python3.8/site-packages/matplotlib/mpl-data/fonts/ttf/STIXGeneralBolIta.ttf', name='STIXGeneral', style='italic', variant='normal', weight=700, stretch='normal', size='scalable')) = 11.335
2025-01-29 23:40:20,252 - DEBUG - findfont: score(FontEntry(fname='/opt/conda/envs/ocp/lib/python3.8/site-packages/matplotlib/mpl-data/fonts/ttf/DejaVuSerif-Bold.ttf', name='DejaVu Serif', style='normal', variant='normal', weight=700, stretch='normal', size='scalable')) = 10.335
2025-01-29 23:40:20,252 - DEBUG - findfont: score(FontEntry(fname='/opt/conda/envs/ocp/lib/python3.8/site-packages/matplotlib/mpl-data/fonts/ttf/cmsy10.ttf', name='cmsy10', style='normal', variant='normal', weight=400, stretch='normal', size='scalable')) = 10.05
2025-01-29 23:40:20,252 - DEBUG - findfont: score(FontEntry(fname='/opt/conda/envs/ocp/lib/python3.8/site-packages/matplotlib/mpl-data/fonts/ttf/STIXNonUniBol.ttf', name='STIXNonUnicode', style='normal', variant='normal', weight=700, stretch='normal', size='scalable')) = 10.335
2025-01-29 23:40:20,253 - DEBUG - findfont: score(FontEntry(fname='/opt/conda/envs/ocp/lib/python3.8/site-packages/matplotlib/mpl-data/fonts/ttf/STIXNonUni.ttf', name='STIXNonUnicode', style='normal', variant='normal', weight=400, stretch='normal', size='scalable')) = 10.05
2025-01-29 23:40:20,253 - DEBUG - findfont: score(FontEntry(fname='/opt/conda/envs/ocp/lib/python3.8/site-packages/matplotlib/mpl-data/fonts/ttf/DejaVuSans-Bold.ttf', name='DejaVu Sans', style='normal', variant='normal', weight=700, stretch='normal', size='scalable')) = 0.33499999999999996
2025-01-29 23:40:20,253 - DEBUG - findfont: score(FontEntry(fname='/opt/conda/envs/ocp/lib/python3.8/site-packages/matplotlib/mpl-data/fonts/ttf/STIXSizFiveSymReg.ttf', name='STIXSizeFiveSym', style='normal', variant='normal', weight=400, stretch='normal', size='scalable')) = 10.05
2025-01-29 23:40:20,254 - DEBUG - findfont: score(FontEntry(fname='/opt/conda/envs/ocp/lib/python3.8/site-packages/matplotlib/mpl-data/fonts/ttf/DejaVuSansMono-Oblique.ttf', name='DejaVu Sans Mono', style='oblique', variant='normal', weight=400, stretch='normal', size='scalable')) = 11.05
2025-01-29 23:40:20,254 - DEBUG - findfont: score(FontEntry(fname='/opt/conda/envs/ocp/lib/python3.8/site-packages/matplotlib/mpl-data/fonts/ttf/DejaVuSans.ttf', name='DejaVu Sans', style='normal', variant='normal', weight=400, stretch='normal', size='scalable')) = 0.05
2025-01-29 23:40:20,254 - DEBUG - findfont: score(FontEntry(fname='/opt/conda/envs/ocp/lib/python3.8/site-packages/matplotlib/mpl-data/fonts/ttf/DejaVuSerif-BoldItalic.ttf', name='DejaVu Serif', style='italic', variant='normal', weight=700, stretch='normal', size='scalable')) = 11.335
2025-01-29 23:40:20,255 - DEBUG - findfont: score(FontEntry(fname='/opt/conda/envs/ocp/lib/python3.8/site-packages/matplotlib/mpl-data/fonts/ttf/cmr10.ttf', name='cmr10', style='normal', variant='normal', weight=400, stretch='normal', size='scalable')) = 10.05
2025-01-29 23:40:20,256 - DEBUG - findfont: score(FontEntry(fname='/opt/conda/envs/ocp/lib/python3.8/site-packages/matplotlib/mpl-data/fonts/ttf/STIXSizOneSymBol.ttf', name='STIXSizeOneSym', style='normal', variant='normal', weight=700, stretch='normal', size='scalable')) = 10.335
2025-01-29 23:40:20,256 - DEBUG - findfont: score(FontEntry(fname='/opt/conda/envs/ocp/lib/python3.8/site-packages/matplotlib/mpl-data/fonts/ttf/cmss10.ttf', name='cmss10', style='normal', variant='normal', weight=400, stretch='normal', size='scalable')) = 10.05
2025-01-29 23:40:20,256 - DEBUG - findfont: score(FontEntry(fname='/opt/conda/envs/ocp/lib/python3.8/site-packages/matplotlib/mpl-data/fonts/ttf/DejaVuSansMono-BoldOblique.ttf', name='DejaVu Sans Mono', style='oblique', variant='normal', weight=700, stretch='normal', size='scalable')) = 11.335
2025-01-29 23:40:20,256 - DEBUG - findfont: score(FontEntry(fname='/opt/conda/envs/ocp/lib/python3.8/site-packages/matplotlib/mpl-data/fonts/ttf/STIXGeneral.ttf', name='STIXGeneral', style='normal', variant='normal', weight=400, stretch='normal', size='scalable')) = 10.05
2025-01-29 23:40:20,257 - DEBUG - findfont: score(FontEntry(fname='/opt/conda/envs/ocp/lib/python3.8/site-packages/matplotlib/mpl-data/fonts/ttf/STIXGeneralItalic.ttf', name='STIXGeneral', style='italic', variant='normal', weight=400, stretch='normal', size='scalable')) = 11.05
2025-01-29 23:40:20,257 - DEBUG - findfont: score(FontEntry(fname='/opt/conda/envs/ocp/lib/python3.8/site-packages/matplotlib/mpl-data/fonts/ttf/STIXSizTwoSymReg.ttf', name='STIXSizeTwoSym', style='normal', variant='normal', weight=400, stretch='normal', size='scalable')) = 10.05
2025-01-29 23:40:20,258 - DEBUG - findfont: score(FontEntry(fname='/opt/conda/envs/ocp/lib/python3.8/site-packages/matplotlib/mpl-data/fonts/ttf/DejaVuSans-BoldOblique.ttf', name='DejaVu Sans', style='oblique', variant='normal', weight=700, stretch='normal', size='scalable')) = 1.335
2025-01-29 23:40:20,259 - DEBUG - findfont: score(FontEntry(fname='/opt/conda/envs/ocp/lib/python3.8/site-packages/matplotlib/mpl-data/fonts/ttf/cmmi10.ttf', name='cmmi10', style='normal', variant='normal', weight=400, stretch='normal', size='scalable')) = 10.05
2025-01-29 23:40:20,259 - DEBUG - findfont: score(FontEntry(fname='/opt/conda/envs/ocp/lib/python3.8/site-packages/matplotlib/mpl-data/fonts/ttf/DejaVuSansMono.ttf', name='DejaVu Sans Mono', style='normal', variant='normal', weight=400, stretch='normal', size='scalable')) = 10.05
2025-01-29 23:40:20,260 - DEBUG - findfont: score(FontEntry(fname='/opt/conda/envs/ocp/lib/python3.8/site-packages/matplotlib/mpl-data/fonts/ttf/DejaVuSansDisplay.ttf', name='DejaVu Sans Display', style='normal', variant='normal', weight=400, stretch='normal', size='scalable')) = 10.05
2025-01-29 23:40:20,260 - DEBUG - findfont: score(FontEntry(fname='/opt/conda/envs/ocp/lib/python3.8/site-packages/matplotlib/mpl-data/fonts/ttf/cmex10.ttf', name='cmex10', style='normal', variant='normal', weight=400, stretch='normal', size='scalable')) = 10.05
2025-01-29 23:40:20,260 - DEBUG - findfont: score(FontEntry(fname='/opt/conda/envs/ocp/lib/python3.8/site-packages/matplotlib/mpl-data/fonts/ttf/DejaVuSerifDisplay.ttf', name='DejaVu Serif Display', style='normal', variant='normal', weight=400, stretch='normal', size='scalable')) = 10.05
2025-01-29 23:40:20,261 - DEBUG - findfont: score(FontEntry(fname='/opt/conda/envs/ocp/lib/python3.8/site-packages/matplotlib/mpl-data/fonts/ttf/STIXSizThreeSymBol.ttf', name='STIXSizeThreeSym', style='normal', variant='normal', weight=700, stretch='normal', size='scalable')) = 10.335
2025-01-29 23:40:20,261 - DEBUG - findfont: score(FontEntry(fname='/opt/conda/envs/ocp/lib/python3.8/site-packages/matplotlib/mpl-data/fonts/ttf/STIXSizTwoSymBol.ttf', name='STIXSizeTwoSym', style='normal', variant='normal', weight=700, stretch='normal', size='scalable')) = 10.335
2025-01-29 23:40:20,261 - DEBUG - findfont: score(FontEntry(fname='/opt/conda/envs/ocp/lib/python3.8/site-packages/matplotlib/mpl-data/fonts/ttf/STIXSizFourSymReg.ttf', name='STIXSizeFourSym', style='normal', variant='normal', weight=400, stretch='normal', size='scalable')) = 10.05
2025-01-29 23:40:20,261 - DEBUG - findfont: score(FontEntry(fname='/opt/conda/fonts/UbuntuMono-BI.ttf', name='Ubuntu Mono', style='italic', variant='normal', weight=700, stretch='normal', size='scalable')) = 11.335
2025-01-29 23:40:20,261 - DEBUG - findfont: score(FontEntry(fname='/usr/share/fonts/truetype/dejavu/DejaVuSerif.ttf', name='DejaVu Serif', style='normal', variant='normal', weight=400, stretch='normal', size='scalable')) = 10.05
2025-01-29 23:40:20,262 - DEBUG - findfont: score(FontEntry(fname='/opt/conda/fonts/Inconsolata-Bold.ttf', name='Inconsolata', style='normal', variant='normal', weight=700, stretch='normal', size='scalable')) = 10.335
2025-01-29 23:40:20,262 - DEBUG - findfont: score(FontEntry(fname='/opt/conda/fonts/Ubuntu-M.ttf', name='Ubuntu', style='normal', variant='normal', weight=500, stretch='normal', size='scalable')) = 10.145
2025-01-29 23:40:20,262 - DEBUG - findfont: score(FontEntry(fname='/opt/conda/fonts/SourceCodePro-ExtraLight.ttf', name='Source Code Pro', style='normal', variant='normal', weight=200, stretch='normal', size='scalable')) = 10.24
2025-01-29 23:40:20,262 - DEBUG - findfont: score(FontEntry(fname='/opt/conda/fonts/Inconsolata-Regular.ttf', name='Inconsolata', style='normal', variant='normal', weight=400, stretch='normal', size='scalable')) = 10.05
2025-01-29 23:40:20,262 - DEBUG - findfont: score(FontEntry(fname='/opt/conda/fonts/SourceCodePro-Medium.ttf', name='Source Code Pro', style='normal', variant='normal', weight=500, stretch='normal', size='scalable')) = 10.145
2025-01-29 23:40:20,263 - DEBUG - findfont: score(FontEntry(fname='/opt/conda/fonts/Ubuntu-Th.ttf', name='Ubuntu', style='normal', variant='normal', weight=250, stretch='normal', size='scalable')) = 10.1925
2025-01-29 23:40:20,263 - DEBUG - findfont: score(FontEntry(fname='/opt/conda/fonts/SourceCodePro-It.ttf', name='Source Code Pro', style='italic', variant='normal', weight=400, stretch='normal', size='scalable')) = 11.05
2025-01-29 23:40:20,263 - DEBUG - findfont: score(FontEntry(fname='/usr/share/fonts/truetype/dejavu/DejaVuSansMono.ttf', name='DejaVu Sans Mono', style='normal', variant='normal', weight=400, stretch='normal', size='scalable')) = 10.05
2025-01-29 23:40:20,265 - DEBUG - findfont: score(FontEntry(fname='/opt/conda/fonts/UbuntuMono-RI.ttf', name='Ubuntu Mono', style='italic', variant='normal', weight=400, stretch='normal', size='scalable')) = 11.05
2025-01-29 23:40:20,265 - DEBUG - findfont: score(FontEntry(fname='/opt/conda/fonts/SourceCodePro-LightIt.ttf', name='Source Code Pro', style='italic', variant='normal', weight=300, stretch='normal', size='scalable')) = 11.145
2025-01-29 23:40:20,265 - DEBUG - findfont: score(FontEntry(fname='/usr/share/fonts/truetype/dejavu/DejaVuSerif-Bold.ttf', name='DejaVu Serif', style='normal', variant='normal', weight=700, stretch='normal', size='scalable')) = 10.335
2025-01-29 23:40:20,266 - DEBUG - findfont: score(FontEntry(fname='/opt/conda/fonts/SourceCodePro-MediumIt.ttf', name='Source Code Pro', style='italic', variant='normal', weight=500, stretch='normal', size='scalable')) = 11.145
2025-01-29 23:40:20,266 - DEBUG - findfont: score(FontEntry(fname='/usr/share/fonts/truetype/dejavu/DejaVuSansMono-Bold.ttf', name='DejaVu Sans Mono', style='normal', variant='normal', weight=700, stretch='normal', size='scalable')) = 10.335
2025-01-29 23:40:20,266 - DEBUG - findfont: score(FontEntry(fname='/opt/conda/fonts/SourceCodePro-Light.ttf', name='Source Code Pro', style='normal', variant='normal', weight=300, stretch='normal', size='scalable')) = 10.145
2025-01-29 23:40:20,266 - DEBUG - findfont: score(FontEntry(fname='/opt/conda/fonts/Ubuntu-L.ttf', name='Ubuntu', style='normal', variant='normal', weight=300, stretch='normal', size='scalable')) = 10.145
2025-01-29 23:40:20,267 - DEBUG - findfont: score(FontEntry(fname='/opt/conda/fonts/Ubuntu-C.ttf', name='Ubuntu Condensed', style='normal', variant='normal', weight=400, stretch='condensed', size='scalable')) = 10.25
2025-01-29 23:40:20,267 - DEBUG - findfont: score(FontEntry(fname='/opt/conda/fonts/Ubuntu-RI.ttf', name='Ubuntu', style='italic', variant='normal', weight=400, stretch='normal', size='scalable')) = 11.05
2025-01-29 23:40:20,267 - DEBUG - findfont: score(FontEntry(fname='/opt/conda/fonts/SourceCodePro-SemiboldIt.ttf', name='Source Code Pro', style='italic', variant='normal', weight=600, stretch='normal', size='scalable')) = 11.24
2025-01-29 23:40:20,267 - DEBUG - findfont: score(FontEntry(fname='/usr/share/fonts/truetype/dejavu/DejaVuSans.ttf', name='DejaVu Sans', style='normal', variant='normal', weight=400, stretch='normal', size='scalable')) = 0.05
2025-01-29 23:40:20,267 - DEBUG - findfont: score(FontEntry(fname='/opt/conda/fonts/UbuntuMono-B.ttf', name='Ubuntu Mono', style='normal', variant='normal', weight=700, stretch='normal', size='scalable')) = 10.335
2025-01-29 23:40:20,268 - DEBUG - findfont: score(FontEntry(fname='/opt/conda/fonts/SourceCodePro-Regular.ttf', name='Source Code Pro', style='normal', variant='normal', weight=400, stretch='normal', size='scalable')) = 10.05
2025-01-29 23:40:20,268 - DEBUG - findfont: score(FontEntry(fname='/opt/conda/fonts/SourceCodePro-Black.ttf', name='Source Code Pro', style='normal', variant='normal', weight=900, stretch='normal', size='scalable')) = 10.525
2025-01-29 23:40:20,268 - DEBUG - findfont: score(FontEntry(fname='/opt/conda/fonts/SourceCodePro-Semibold.ttf', name='Source Code Pro', style='normal', variant='normal', weight=600, stretch='normal', size='scalable')) = 10.24
2025-01-29 23:40:20,268 - DEBUG - findfont: score(FontEntry(fname='/opt/conda/fonts/SourceCodePro-ExtraLightIt.ttf', name='Source Code Pro', style='italic', variant='normal', weight=200, stretch='normal', size='scalable')) = 11.24
2025-01-29 23:40:20,269 - DEBUG - findfont: score(FontEntry(fname='/opt/conda/fonts/Ubuntu-MI.ttf', name='Ubuntu', style='italic', variant='normal', weight=500, stretch='normal', size='scalable')) = 11.145
2025-01-29 23:40:20,269 - DEBUG - findfont: score(FontEntry(fname='/opt/conda/fonts/DejaVuSans.ttf', name='DejaVu Sans', style='normal', variant='normal', weight=400, stretch='normal', size='scalable')) = 0.05
2025-01-29 23:40:20,269 - DEBUG - findfont: score(FontEntry(fname='/opt/conda/fonts/Ubuntu-R.ttf', name='Ubuntu', style='normal', variant='normal', weight=400, stretch='normal', size='scalable')) = 10.05
2025-01-29 23:40:20,269 - DEBUG - findfont: score(FontEntry(fname='/opt/conda/fonts/SourceCodePro-BoldIt.ttf', name='Source Code Pro', style='italic', variant='normal', weight=700, stretch='normal', size='scalable')) = 11.335
2025-01-29 23:40:20,270 - DEBUG - findfont: score(FontEntry(fname='/opt/conda/fonts/Ubuntu-LI.ttf', name='Ubuntu', style='italic', variant='normal', weight=300, stretch='normal', size='scalable')) = 11.145
2025-01-29 23:40:20,270 - DEBUG - findfont: score(FontEntry(fname='/opt/conda/fonts/UbuntuMono-R.ttf', name='Ubuntu Mono', style='normal', variant='normal', weight=400, stretch='normal', size='scalable')) = 10.05
2025-01-29 23:40:20,270 - DEBUG - findfont: score(FontEntry(fname='/opt/conda/fonts/Ubuntu-BI.ttf', name='Ubuntu', style='italic', variant='normal', weight=700, stretch='normal', size='scalable')) = 11.335
2025-01-29 23:40:20,271 - DEBUG - findfont: score(FontEntry(fname='/usr/share/fonts/truetype/dejavu/DejaVuSans-Bold.ttf', name='DejaVu Sans', style='normal', variant='normal', weight=700, stretch='normal', size='scalable')) = 0.33499999999999996
2025-01-29 23:40:20,271 - DEBUG - findfont: score(FontEntry(fname='/opt/conda/fonts/Ubuntu-B.ttf', name='Ubuntu', style='normal', variant='normal', weight=700, stretch='normal', size='scalable')) = 10.335
2025-01-29 23:40:20,271 - DEBUG - findfont: score(FontEntry(fname='/opt/conda/fonts/SourceCodePro-Bold.ttf', name='Source Code Pro', style='normal', variant='normal', weight=700, stretch='normal', size='scalable')) = 10.335
2025-01-29 23:40:20,272 - DEBUG - findfont: score(FontEntry(fname='/opt/conda/fonts/SourceCodePro-BlackIt.ttf', name='Source Code Pro', style='italic', variant='normal', weight=900, stretch='normal', size='scalable')) = 11.525
2025-01-29 23:40:20,272 - DEBUG - findfont: Matching sans\-serif:style=normal:variant=normal:weight=normal:stretch=normal:size=12.0 to DejaVu Sans ('/opt/conda/envs/ocp/lib/python3.8/site-packages/matplotlib/mpl-data/fonts/ttf/DejaVuSans.ttf') with score of 0.050000.
2025-01-29 23:40:20,297 - DEBUG - findfont: Matching sans\-serif:style=normal:variant=normal:weight=normal:stretch=normal:size=14.0.
2025-01-29 23:40:20,298 - DEBUG - findfont: score(FontEntry(fname='/opt/conda/envs/ocp/lib/python3.8/site-packages/matplotlib/mpl-data/fonts/ttf/DejaVuSans-Oblique.ttf', name='DejaVu Sans', style='oblique', variant='normal', weight=400, stretch='normal', size='scalable')) = 1.05
2025-01-29 23:40:20,298 - DEBUG - findfont: score(FontEntry(fname='/opt/conda/envs/ocp/lib/python3.8/site-packages/matplotlib/mpl-data/fonts/ttf/STIXNonUniIta.ttf', name='STIXNonUnicode', style='italic', variant='normal', weight=400, stretch='normal', size='scalable')) = 11.05
2025-01-29 23:40:20,298 - DEBUG - findfont: score(FontEntry(fname='/opt/conda/envs/ocp/lib/python3.8/site-packages/matplotlib/mpl-data/fonts/ttf/DejaVuSerif-Italic.ttf', name='DejaVu Serif', style='italic', variant='normal', weight=400, stretch='normal', size='scalable')) = 11.05
2025-01-29 23:40:20,298 - DEBUG - findfont: score(FontEntry(fname='/opt/conda/envs/ocp/lib/python3.8/site-packages/matplotlib/mpl-data/fonts/ttf/STIXSizOneSymReg.ttf', name='STIXSizeOneSym', style='normal', variant='normal', weight=400, stretch='normal', size='scalable')) = 10.05
2025-01-29 23:40:20,298 - DEBUG - findfont: score(FontEntry(fname='/opt/conda/envs/ocp/lib/python3.8/site-packages/matplotlib/mpl-data/fonts/ttf/STIXGeneralBol.ttf', name='STIXGeneral', style='normal', variant='normal', weight=700, stretch='normal', size='scalable')) = 10.335
2025-01-29 23:40:20,299 - DEBUG - findfont: score(FontEntry(fname='/opt/conda/envs/ocp/lib/python3.8/site-packages/matplotlib/mpl-data/fonts/ttf/STIXNonUniBolIta.ttf', name='STIXNonUnicode', style='italic', variant='normal', weight=700, stretch='normal', size='scalable')) = 11.335
2025-01-29 23:40:20,299 - DEBUG - findfont: score(FontEntry(fname='/opt/conda/envs/ocp/lib/python3.8/site-packages/matplotlib/mpl-data/fonts/ttf/STIXSizFourSymBol.ttf', name='STIXSizeFourSym', style='normal', variant='normal', weight=700, stretch='normal', size='scalable')) = 10.335
2025-01-29 23:40:20,299 - DEBUG - findfont: score(FontEntry(fname='/opt/conda/envs/ocp/lib/python3.8/site-packages/matplotlib/mpl-data/fonts/ttf/DejaVuSerif.ttf', name='DejaVu Serif', style='normal', variant='normal', weight=400, stretch='normal', size='scalable')) = 10.05
2025-01-29 23:40:20,299 - DEBUG - findfont: score(FontEntry(fname='/opt/conda/envs/ocp/lib/python3.8/site-packages/matplotlib/mpl-data/fonts/ttf/cmb10.ttf', name='cmb10', style='normal', variant='normal', weight=400, stretch='normal', size='scalable')) = 10.05
2025-01-29 23:40:20,299 - DEBUG - findfont: score(FontEntry(fname='/opt/conda/envs/ocp/lib/python3.8/site-packages/matplotlib/mpl-data/fonts/ttf/cmtt10.ttf', name='cmtt10', style='normal', variant='normal', weight=400, stretch='normal', size='scalable')) = 10.05
2025-01-29 23:40:20,299 - DEBUG - findfont: score(FontEntry(fname='/opt/conda/envs/ocp/lib/python3.8/site-packages/matplotlib/mpl-data/fonts/ttf/DejaVuSansMono-Bold.ttf', name='DejaVu Sans Mono', style='normal', variant='normal', weight=700, stretch='normal', size='scalable')) = 10.335
2025-01-29 23:40:20,300 - DEBUG - findfont: score(FontEntry(fname='/opt/conda/envs/ocp/lib/python3.8/site-packages/matplotlib/mpl-data/fonts/ttf/STIXSizThreeSymReg.ttf', name='STIXSizeThreeSym', style='normal', variant='normal', weight=400, stretch='normal', size='scalable')) = 10.05
2025-01-29 23:40:20,300 - DEBUG - findfont: score(FontEntry(fname='/opt/conda/envs/ocp/lib/python3.8/site-packages/matplotlib/mpl-data/fonts/ttf/STIXGeneralBolIta.ttf', name='STIXGeneral', style='italic', variant='normal', weight=700, stretch='normal', size='scalable')) = 11.335
2025-01-29 23:40:20,300 - DEBUG - findfont: score(FontEntry(fname='/opt/conda/envs/ocp/lib/python3.8/site-packages/matplotlib/mpl-data/fonts/ttf/DejaVuSerif-Bold.ttf', name='DejaVu Serif', style='normal', variant='normal', weight=700, stretch='normal', size='scalable')) = 10.335
2025-01-29 23:40:20,300 - DEBUG - findfont: score(FontEntry(fname='/opt/conda/envs/ocp/lib/python3.8/site-packages/matplotlib/mpl-data/fonts/ttf/cmsy10.ttf', name='cmsy10', style='normal', variant='normal', weight=400, stretch='normal', size='scalable')) = 10.05
2025-01-29 23:40:20,300 - DEBUG - findfont: score(FontEntry(fname='/opt/conda/envs/ocp/lib/python3.8/site-packages/matplotlib/mpl-data/fonts/ttf/STIXNonUniBol.ttf', name='STIXNonUnicode', style='normal', variant='normal', weight=700, stretch='normal', size='scalable')) = 10.335
2025-01-29 23:40:20,300 - DEBUG - findfont: score(FontEntry(fname='/opt/conda/envs/ocp/lib/python3.8/site-packages/matplotlib/mpl-data/fonts/ttf/STIXNonUni.ttf', name='STIXNonUnicode', style='normal', variant='normal', weight=400, stretch='normal', size='scalable')) = 10.05
2025-01-29 23:40:20,300 - DEBUG - findfont: score(FontEntry(fname='/opt/conda/envs/ocp/lib/python3.8/site-packages/matplotlib/mpl-data/fonts/ttf/DejaVuSans-Bold.ttf', name='DejaVu Sans', style='normal', variant='normal', weight=700, stretch='normal', size='scalable')) = 0.33499999999999996
2025-01-29 23:40:20,301 - DEBUG - findfont: score(FontEntry(fname='/opt/conda/envs/ocp/lib/python3.8/site-packages/matplotlib/mpl-data/fonts/ttf/STIXSizFiveSymReg.ttf', name='STIXSizeFiveSym', style='normal', variant='normal', weight=400, stretch='normal', size='scalable')) = 10.05
2025-01-29 23:40:20,301 - DEBUG - findfont: score(FontEntry(fname='/opt/conda/envs/ocp/lib/python3.8/site-packages/matplotlib/mpl-data/fonts/ttf/DejaVuSansMono-Oblique.ttf', name='DejaVu Sans Mono', style='oblique', variant='normal', weight=400, stretch='normal', size='scalable')) = 11.05
2025-01-29 23:40:20,301 - DEBUG - findfont: score(FontEntry(fname='/opt/conda/envs/ocp/lib/python3.8/site-packages/matplotlib/mpl-data/fonts/ttf/DejaVuSans.ttf', name='DejaVu Sans', style='normal', variant='normal', weight=400, stretch='normal', size='scalable')) = 0.05
2025-01-29 23:40:20,301 - DEBUG - findfont: score(FontEntry(fname='/opt/conda/envs/ocp/lib/python3.8/site-packages/matplotlib/mpl-data/fonts/ttf/DejaVuSerif-BoldItalic.ttf', name='DejaVu Serif', style='italic', variant='normal', weight=700, stretch='normal', size='scalable')) = 11.335
2025-01-29 23:40:20,301 - DEBUG - findfont: score(FontEntry(fname='/opt/conda/envs/ocp/lib/python3.8/site-packages/matplotlib/mpl-data/fonts/ttf/cmr10.ttf', name='cmr10', style='normal', variant='normal', weight=400, stretch='normal', size='scalable')) = 10.05
2025-01-29 23:40:20,301 - DEBUG - findfont: score(FontEntry(fname='/opt/conda/envs/ocp/lib/python3.8/site-packages/matplotlib/mpl-data/fonts/ttf/STIXSizOneSymBol.ttf', name='STIXSizeOneSym', style='normal', variant='normal', weight=700, stretch='normal', size='scalable')) = 10.335
2025-01-29 23:40:20,302 - DEBUG - findfont: score(FontEntry(fname='/opt/conda/envs/ocp/lib/python3.8/site-packages/matplotlib/mpl-data/fonts/ttf/cmss10.ttf', name='cmss10', style='normal', variant='normal', weight=400, stretch='normal', size='scalable')) = 10.05
2025-01-29 23:40:20,302 - DEBUG - findfont: score(FontEntry(fname='/opt/conda/envs/ocp/lib/python3.8/site-packages/matplotlib/mpl-data/fonts/ttf/DejaVuSansMono-BoldOblique.ttf', name='DejaVu Sans Mono', style='oblique', variant='normal', weight=700, stretch='normal', size='scalable')) = 11.335
2025-01-29 23:40:20,303 - DEBUG - findfont: score(FontEntry(fname='/opt/conda/envs/ocp/lib/python3.8/site-packages/matplotlib/mpl-data/fonts/ttf/STIXGeneral.ttf', name='STIXGeneral', style='normal', variant='normal', weight=400, stretch='normal', size='scalable')) = 10.05
2025-01-29 23:40:20,303 - DEBUG - findfont: score(FontEntry(fname='/opt/conda/envs/ocp/lib/python3.8/site-packages/matplotlib/mpl-data/fonts/ttf/STIXGeneralItalic.ttf', name='STIXGeneral', style='italic', variant='normal', weight=400, stretch='normal', size='scalable')) = 11.05
2025-01-29 23:40:20,303 - DEBUG - findfont: score(FontEntry(fname='/opt/conda/envs/ocp/lib/python3.8/site-packages/matplotlib/mpl-data/fonts/ttf/STIXSizTwoSymReg.ttf', name='STIXSizeTwoSym', style='normal', variant='normal', weight=400, stretch='normal', size='scalable')) = 10.05
2025-01-29 23:40:20,303 - DEBUG - findfont: score(FontEntry(fname='/opt/conda/envs/ocp/lib/python3.8/site-packages/matplotlib/mpl-data/fonts/ttf/DejaVuSans-BoldOblique.ttf', name='DejaVu Sans', style='oblique', variant='normal', weight=700, stretch='normal', size='scalable')) = 1.335
2025-01-29 23:40:20,303 - DEBUG - findfont: score(FontEntry(fname='/opt/conda/envs/ocp/lib/python3.8/site-packages/matplotlib/mpl-data/fonts/ttf/cmmi10.ttf', name='cmmi10', style='normal', variant='normal', weight=400, stretch='normal', size='scalable')) = 10.05
2025-01-29 23:40:20,304 - DEBUG - findfont: score(FontEntry(fname='/opt/conda/envs/ocp/lib/python3.8/site-packages/matplotlib/mpl-data/fonts/ttf/DejaVuSansMono.ttf', name='DejaVu Sans Mono', style='normal', variant='normal', weight=400, stretch='normal', size='scalable')) = 10.05
2025-01-29 23:40:20,304 - DEBUG - findfont: score(FontEntry(fname='/opt/conda/envs/ocp/lib/python3.8/site-packages/matplotlib/mpl-data/fonts/ttf/DejaVuSansDisplay.ttf', name='DejaVu Sans Display', style='normal', variant='normal', weight=400, stretch='normal', size='scalable')) = 10.05
2025-01-29 23:40:20,305 - DEBUG - findfont: score(FontEntry(fname='/opt/conda/envs/ocp/lib/python3.8/site-packages/matplotlib/mpl-data/fonts/ttf/cmex10.ttf', name='cmex10', style='normal', variant='normal', weight=400, stretch='normal', size='scalable')) = 10.05
2025-01-29 23:40:20,305 - DEBUG - findfont: score(FontEntry(fname='/opt/conda/envs/ocp/lib/python3.8/site-packages/matplotlib/mpl-data/fonts/ttf/DejaVuSerifDisplay.ttf', name='DejaVu Serif Display', style='normal', variant='normal', weight=400, stretch='normal', size='scalable')) = 10.05
2025-01-29 23:40:20,305 - DEBUG - findfont: score(FontEntry(fname='/opt/conda/envs/ocp/lib/python3.8/site-packages/matplotlib/mpl-data/fonts/ttf/STIXSizThreeSymBol.ttf', name='STIXSizeThreeSym', style='normal', variant='normal', weight=700, stretch='normal', size='scalable')) = 10.335
2025-01-29 23:40:20,305 - DEBUG - findfont: score(FontEntry(fname='/opt/conda/envs/ocp/lib/python3.8/site-packages/matplotlib/mpl-data/fonts/ttf/STIXSizTwoSymBol.ttf', name='STIXSizeTwoSym', style='normal', variant='normal', weight=700, stretch='normal', size='scalable')) = 10.335
2025-01-29 23:40:20,305 - DEBUG - findfont: score(FontEntry(fname='/opt/conda/envs/ocp/lib/python3.8/site-packages/matplotlib/mpl-data/fonts/ttf/STIXSizFourSymReg.ttf', name='STIXSizeFourSym', style='normal', variant='normal', weight=400, stretch='normal', size='scalable')) = 10.05
2025-01-29 23:40:20,305 - DEBUG - findfont: score(FontEntry(fname='/opt/conda/fonts/UbuntuMono-BI.ttf', name='Ubuntu Mono', style='italic', variant='normal', weight=700, stretch='normal', size='scalable')) = 11.335
2025-01-29 23:40:20,306 - DEBUG - findfont: score(FontEntry(fname='/usr/share/fonts/truetype/dejavu/DejaVuSerif.ttf', name='DejaVu Serif', style='normal', variant='normal', weight=400, stretch='normal', size='scalable')) = 10.05
2025-01-29 23:40:20,306 - DEBUG - findfont: score(FontEntry(fname='/opt/conda/fonts/Inconsolata-Bold.ttf', name='Inconsolata', style='normal', variant='normal', weight=700, stretch='normal', size='scalable')) = 10.335
2025-01-29 23:40:20,306 - DEBUG - findfont: score(FontEntry(fname='/opt/conda/fonts/Ubuntu-M.ttf', name='Ubuntu', style='normal', variant='normal', weight=500, stretch='normal', size='scalable')) = 10.145
2025-01-29 23:40:20,306 - DEBUG - findfont: score(FontEntry(fname='/opt/conda/fonts/SourceCodePro-ExtraLight.ttf', name='Source Code Pro', style='normal', variant='normal', weight=200, stretch='normal', size='scalable')) = 10.24
2025-01-29 23:40:20,306 - DEBUG - findfont: score(FontEntry(fname='/opt/conda/fonts/Inconsolata-Regular.ttf', name='Inconsolata', style='normal', variant='normal', weight=400, stretch='normal', size='scalable')) = 10.05
2025-01-29 23:40:20,306 - DEBUG - findfont: score(FontEntry(fname='/opt/conda/fonts/SourceCodePro-Medium.ttf', name='Source Code Pro', style='normal', variant='normal', weight=500, stretch='normal', size='scalable')) = 10.145
2025-01-29 23:40:20,307 - DEBUG - findfont: score(FontEntry(fname='/opt/conda/fonts/Ubuntu-Th.ttf', name='Ubuntu', style='normal', variant='normal', weight=250, stretch='normal', size='scalable')) = 10.1925
2025-01-29 23:40:20,307 - DEBUG - findfont: score(FontEntry(fname='/opt/conda/fonts/SourceCodePro-It.ttf', name='Source Code Pro', style='italic', variant='normal', weight=400, stretch='normal', size='scalable')) = 11.05
2025-01-29 23:40:20,307 - DEBUG - findfont: score(FontEntry(fname='/usr/share/fonts/truetype/dejavu/DejaVuSansMono.ttf', name='DejaVu Sans Mono', style='normal', variant='normal', weight=400, stretch='normal', size='scalable')) = 10.05
2025-01-29 23:40:20,307 - DEBUG - findfont: score(FontEntry(fname='/opt/conda/fonts/UbuntuMono-RI.ttf', name='Ubuntu Mono', style='italic', variant='normal', weight=400, stretch='normal', size='scalable')) = 11.05
2025-01-29 23:40:20,307 - DEBUG - findfont: score(FontEntry(fname='/opt/conda/fonts/SourceCodePro-LightIt.ttf', name='Source Code Pro', style='italic', variant='normal', weight=300, stretch='normal', size='scalable')) = 11.145
2025-01-29 23:40:20,307 - DEBUG - findfont: score(FontEntry(fname='/usr/share/fonts/truetype/dejavu/DejaVuSerif-Bold.ttf', name='DejaVu Serif', style='normal', variant='normal', weight=700, stretch='normal', size='scalable')) = 10.335
2025-01-29 23:40:20,308 - DEBUG - findfont: score(FontEntry(fname='/opt/conda/fonts/SourceCodePro-MediumIt.ttf', name='Source Code Pro', style='italic', variant='normal', weight=500, stretch='normal', size='scalable')) = 11.145
2025-01-29 23:40:20,308 - DEBUG - findfont: score(FontEntry(fname='/usr/share/fonts/truetype/dejavu/DejaVuSansMono-Bold.ttf', name='DejaVu Sans Mono', style='normal', variant='normal', weight=700, stretch='normal', size='scalable')) = 10.335
2025-01-29 23:40:20,308 - DEBUG - findfont: score(FontEntry(fname='/opt/conda/fonts/SourceCodePro-Light.ttf', name='Source Code Pro', style='normal', variant='normal', weight=300, stretch='normal', size='scalable')) = 10.145
2025-01-29 23:40:20,308 - DEBUG - findfont: score(FontEntry(fname='/opt/conda/fonts/Ubuntu-L.ttf', name='Ubuntu', style='normal', variant='normal', weight=300, stretch='normal', size='scalable')) = 10.145
2025-01-29 23:40:20,308 - DEBUG - findfont: score(FontEntry(fname='/opt/conda/fonts/Ubuntu-C.ttf', name='Ubuntu Condensed', style='normal', variant='normal', weight=400, stretch='condensed', size='scalable')) = 10.25
2025-01-29 23:40:20,308 - DEBUG - findfont: score(FontEntry(fname='/opt/conda/fonts/Ubuntu-RI.ttf', name='Ubuntu', style='italic', variant='normal', weight=400, stretch='normal', size='scalable')) = 11.05
2025-01-29 23:40:20,309 - DEBUG - findfont: score(FontEntry(fname='/opt/conda/fonts/SourceCodePro-SemiboldIt.ttf', name='Source Code Pro', style='italic', variant='normal', weight=600, stretch='normal', size='scalable')) = 11.24
2025-01-29 23:40:20,309 - DEBUG - findfont: score(FontEntry(fname='/usr/share/fonts/truetype/dejavu/DejaVuSans.ttf', name='DejaVu Sans', style='normal', variant='normal', weight=400, stretch='normal', size='scalable')) = 0.05
2025-01-29 23:40:20,309 - DEBUG - findfont: score(FontEntry(fname='/opt/conda/fonts/UbuntuMono-B.ttf', name='Ubuntu Mono', style='normal', variant='normal', weight=700, stretch='normal', size='scalable')) = 10.335
2025-01-29 23:40:20,309 - DEBUG - findfont: score(FontEntry(fname='/opt/conda/fonts/SourceCodePro-Regular.ttf', name='Source Code Pro', style='normal', variant='normal', weight=400, stretch='normal', size='scalable')) = 10.05
2025-01-29 23:40:20,309 - DEBUG - findfont: score(FontEntry(fname='/opt/conda/fonts/SourceCodePro-Black.ttf', name='Source Code Pro', style='normal', variant='normal', weight=900, stretch='normal', size='scalable')) = 10.525
2025-01-29 23:40:20,309 - DEBUG - findfont: score(FontEntry(fname='/opt/conda/fonts/SourceCodePro-Semibold.ttf', name='Source Code Pro', style='normal', variant='normal', weight=600, stretch='normal', size='scalable')) = 10.24
2025-01-29 23:40:20,310 - DEBUG - findfont: score(FontEntry(fname='/opt/conda/fonts/SourceCodePro-ExtraLightIt.ttf', name='Source Code Pro', style='italic', variant='normal', weight=200, stretch='normal', size='scalable')) = 11.24
2025-01-29 23:40:20,310 - DEBUG - findfont: score(FontEntry(fname='/opt/conda/fonts/Ubuntu-MI.ttf', name='Ubuntu', style='italic', variant='normal', weight=500, stretch='normal', size='scalable')) = 11.145
2025-01-29 23:40:20,310 - DEBUG - findfont: score(FontEntry(fname='/opt/conda/fonts/DejaVuSans.ttf', name='DejaVu Sans', style='normal', variant='normal', weight=400, stretch='normal', size='scalable')) = 0.05
2025-01-29 23:40:20,310 - DEBUG - findfont: score(FontEntry(fname='/opt/conda/fonts/Ubuntu-R.ttf', name='Ubuntu', style='normal', variant='normal', weight=400, stretch='normal', size='scalable')) = 10.05
2025-01-29 23:40:20,310 - DEBUG - findfont: score(FontEntry(fname='/opt/conda/fonts/SourceCodePro-BoldIt.ttf', name='Source Code Pro', style='italic', variant='normal', weight=700, stretch='normal', size='scalable')) = 11.335
2025-01-29 23:40:20,310 - DEBUG - findfont: score(FontEntry(fname='/opt/conda/fonts/Ubuntu-LI.ttf', name='Ubuntu', style='italic', variant='normal', weight=300, stretch='normal', size='scalable')) = 11.145
2025-01-29 23:40:20,311 - DEBUG - findfont: score(FontEntry(fname='/opt/conda/fonts/UbuntuMono-R.ttf', name='Ubuntu Mono', style='normal', variant='normal', weight=400, stretch='normal', size='scalable')) = 10.05
2025-01-29 23:40:20,311 - DEBUG - findfont: score(FontEntry(fname='/opt/conda/fonts/Ubuntu-BI.ttf', name='Ubuntu', style='italic', variant='normal', weight=700, stretch='normal', size='scalable')) = 11.335
2025-01-29 23:40:20,311 - DEBUG - findfont: score(FontEntry(fname='/usr/share/fonts/truetype/dejavu/DejaVuSans-Bold.ttf', name='DejaVu Sans', style='normal', variant='normal', weight=700, stretch='normal', size='scalable')) = 0.33499999999999996
2025-01-29 23:40:20,311 - DEBUG - findfont: score(FontEntry(fname='/opt/conda/fonts/Ubuntu-B.ttf', name='Ubuntu', style='normal', variant='normal', weight=700, stretch='normal', size='scalable')) = 10.335
2025-01-29 23:40:20,311 - DEBUG - findfont: score(FontEntry(fname='/opt/conda/fonts/SourceCodePro-Bold.ttf', name='Source Code Pro', style='normal', variant='normal', weight=700, stretch='normal', size='scalable')) = 10.335
2025-01-29 23:40:20,311 - DEBUG - findfont: score(FontEntry(fname='/opt/conda/fonts/SourceCodePro-BlackIt.ttf', name='Source Code Pro', style='italic', variant='normal', weight=900, stretch='normal', size='scalable')) = 11.525
2025-01-29 23:40:20,312 - DEBUG - findfont: Matching sans\-serif:style=normal:variant=normal:weight=normal:stretch=normal:size=14.0 to DejaVu Sans ('/opt/conda/envs/ocp/lib/python3.8/site-packages/matplotlib/mpl-data/fonts/ttf/DejaVuSans.ttf') with score of 0.050000.
2025-01-29 23:40:20,326 - INFO - Saving PDF...
2025-01-29 23:40:20,517 - ERROR - Error occurred: [Errno 2] No such file or directory: '/home/codespace/Documents/lampshade_net_export.pdf'
2025-01-29 23:40:20,521 - ERROR - Traceback (most recent call last):
  File "elipticalprismnet29-11-24.py", line 89, in calculate_net_geometry
    plt.savefig(pdf_file,
  File "/opt/conda/envs/ocp/lib/python3.8/site-packages/matplotlib/pyplot.py", line 1023, in savefig
    res = fig.savefig(*args, **kwargs)
  File "/opt/conda/envs/ocp/lib/python3.8/site-packages/matplotlib/figure.py", line 3378, in savefig
    self.canvas.print_figure(fname, **kwargs)
  File "/opt/conda/envs/ocp/lib/python3.8/site-packages/matplotlib/backend_bases.py", line 2366, in print_figure
    result = print_method(
  File "/opt/conda/envs/ocp/lib/python3.8/site-packages/matplotlib/backend_bases.py", line 2232, in <lambda>
    print_method = functools.wraps(meth)(lambda *args, **kwargs: meth(
  File "/opt/conda/envs/ocp/lib/python3.8/site-packages/matplotlib/backends/backend_pdf.py", line 2813, in print_pdf
    file = PdfFile(filename, metadata=metadata)
  File "/opt/conda/envs/ocp/lib/python3.8/site-packages/matplotlib/backends/backend_pdf.py", line 714, in __init__
    fh, opened = cbook.to_filehandle(filename, "wb", return_opened=True)
  File "/opt/conda/envs/ocp/lib/python3.8/site-packages/matplotlib/cbook/__init__.py", line 499, in to_filehandle
    fh = open(fname, flag, encoding=encoding)
FileNotFoundError: [Errno 2] No such file or directory: '/home/codespace/Documents/lampshade_net_export.pdf'

